ahdlcmicompile: Compiling ahdlcmi in ahdlcmi/_usr_local_isde_PDK_IBM_PDK_cmos9sf_relIBM_Spectre_models_._egncap.va.ahdlcmi/ for Linux2.6.18-53.1.13.el5+gcc with optimize using gcc on Wed Apr  9 15:58:55 CDT 2008 [0]
ahdlcmicompile: Generating makefile
PATH:  /usr/local/isde/cadence/IC5141/tools.lnx86/systemc/gcc/install/bin:/usr/local/isde/cadence//IC5141//tools/dracula/bin:/usr/local/isde/cadence//IC5141//tools/concice/bin:/usr/local/isde/cadence//IC5141//tools/dfII/bin:/usr/local/isde/cadence//IC5141//tools/bin:/usr/local/isde/cadence/IC5141/tools/dfII/bin:/usr/local/isde/cadence/IC5141/tools/bin:/usr/local/isde/cadence/IC5141/share/bin:/usr/scheduler/moab/sbin:/usr/scheduler/moab/bin:/usr/scheduler/torque/sbin:/usr/scheduler/torque/bin:/usr/kerberos/bin:/usr/lpp/mmfs/bin:/usr/local/ddt/bin:/usr/local/bin:/usr/X11R6/bin:/usr/local/common/bin:/usr/bin:/bin:/usr/local/bin:/bin:/usr/bin:/home/loveletd/bin
LD_LIBRARY_PATH:  /usr/local/isde/cadence/IC5141/tools.lnx86/systemc/gcc/install/lib:/usr/local/isde/cadence/IC5141/tools.lnx86/mdl/lib:/usr/local/isde/cadence/IC5141/tools.lnx86/dfII/lib:/usr/local/isde/cadence/IC5141/tools.lnx86/lib:/usr/local/isde/cadence//IC5141//tools/lib:
Compiling C file installdev.c (optimize)
/usr/local/isde/cadence/IC5141/tools.lnx86/systemc/gcc/install/bin/gcc -ansi -march=i486 -O3 -DSYSV -DSVR4 -D_REENTRANT -fPIC   -DconfigSPECTRE -I. -I/usr/local/isde/cadence/IC5141/tools.lnx86/spectre/ahdlcmi/include -c installdev.c -o obj/Linux2.6.18-53.1.13.el5+gcc/optimize/installdev.o || rm -f -f obj/Linux2.6.18-53.1.13.el5+gcc/optimize/installdev.o;
/tmp/ccjICg7m.s: Assembler messages:
/tmp/ccjICg7m.s:7: Error: suffix or operands invalid for `push'
/tmp/ccjICg7m.s:10: Error: suffix or operands invalid for `pop'
/tmp/ccjICg7m.s:18: Error: suffix or operands invalid for `push'
/tmp/ccjICg7m.s:20: Error: suffix or operands invalid for `push'
/tmp/ccjICg7m.s:24: Error: suffix or operands invalid for `pop'
/tmp/ccjICg7m.s:26: Error: relocated field and relocation type differ in signedness
/tmp/ccjICg7m.s:27: Error: suffix or operands invalid for `push'
/tmp/ccjICg7m.s:28: Error: relocated field and relocation type differ in signedness
/tmp/ccjICg7m.s:29: Error: suffix or operands invalid for `push'
/tmp/ccjICg7m.s:30: Error: relocated field and relocation type differ in signedness
/tmp/ccjICg7m.s:31: Error: suffix or operands invalid for `push'
/tmp/ccjICg7m.s:32: Error: relocated field and relocation type differ in signedness
/tmp/ccjICg7m.s:33: Error: suffix or operands invalid for `push'
/tmp/ccjICg7m.s:34: Error: relocated field and relocation type differ in signedness
/tmp/ccjICg7m.s:35: Error: suffix or operands invalid for `push'
/tmp/ccjICg7m.s:37: Error: suffix or operands invalid for `push'
/tmp/ccjICg7m.s:42: Error: suffix or operands invalid for `pop'
/tmp/ccjICg7m.s:50: Error: suffix or operands invalid for `push'
/tmp/ccjICg7m.s:52: Error: suffix or operands invalid for `push'
/tmp/ccjICg7m.s:56: Error: suffix or operands invalid for `pop'
/tmp/ccjICg7m.s:58: Error: relocated field and relocation type differ in signedness
/tmp/ccjICg7m.s:59: Error: suffix or operands invalid for `push'
/tmp/ccjICg7m.s:60: Error: relocated field and relocation type differ in signedness
/tmp/ccjICg7m.s:61: Error: suffix or operands invalid for `push'
/tmp/ccjICg7m.s:62: Error: relocated field and relocation type differ in signedness
/tmp/ccjICg7m.s:63: Error: suffix or operands invalid for `push'
/tmp/ccjICg7m.s:64: Error: relocated field and relocation type differ in signedness
/tmp/ccjICg7m.s:65: Error: suffix or operands invalid for `push'
/tmp/ccjICg7m.s:66: Error: relocated field and relocation type differ in signedness
/tmp/ccjICg7m.s:67: Error: suffix or operands invalid for `push'
/tmp/ccjICg7m.s:69: Error: suffix or operands invalid for `push'
/tmp/ccjICg7m.s:74: Error: suffix or operands invalid for `pop'
/tmp/ccjICg7m.s:82: Error: suffix or operands invalid for `push'
/tmp/ccjICg7m.s:84: Error: suffix or operands invalid for `push'
/tmp/ccjICg7m.s:88: Error: suffix or operands invalid for `pop'
/tmp/ccjICg7m.s:90: Error: relocated field and relocation type differ in signedness
/tmp/ccjICg7m.s:91: Error: suffix or operands invalid for `push'
/tmp/ccjICg7m.s:92: Error: relocated field and relocation type differ in signedness
/tmp/ccjICg7m.s:93: Error: suffix or operands invalid for `push'
/tmp/ccjICg7m.s:94: Error: relocated field and relocation type differ in signedness
/tmp/ccjICg7m.s:95: Error: suffix or operands invalid for `push'
/tmp/ccjICg7m.s:96: Error: relocated field and relocation type differ in signedness
/tmp/ccjICg7m.s:97: Error: suffix or operands invalid for `push'
/tmp/ccjICg7m.s:98: Error: relocated field and relocation type differ in signedness
/tmp/ccjICg7m.s:99: Error: suffix or operands invalid for `push'
/tmp/ccjICg7m.s:101: Error: suffix or operands invalid for `push'
/tmp/ccjICg7m.s:106: Error: suffix or operands invalid for `pop'
/tmp/ccjICg7m.s:114: Error: suffix or operands invalid for `push'
/tmp/ccjICg7m.s:116: Error: suffix or operands invalid for `push'
/tmp/ccjICg7m.s:120: Error: suffix or operands invalid for `pop'
/tmp/ccjICg7m.s:122: Error: relocated field and relocation type differ in signedness
/tmp/ccjICg7m.s:123: Error: suffix or operands invalid for `push'
/tmp/ccjICg7m.s:124: Error: relocated field and relocation type differ in signedness
/tmp/ccjICg7m.s:125: Error: suffix or operands invalid for `push'
/tmp/ccjICg7m.s:126: Error: relocated field and relocation type differ in signedness
/tmp/ccjICg7m.s:127: Error: suffix or operands invalid for `push'
/tmp/ccjICg7m.s:128: Error: relocated field and relocation type differ in signedness
/tmp/ccjICg7m.s:129: Error: suffix or operands invalid for `push'
/tmp/ccjICg7m.s:130: Error: relocated field and relocation type differ in signedness
/tmp/ccjICg7m.s:131: Error: suffix or operands invalid for `push'
/tmp/ccjICg7m.s:133: Error: suffix or operands invalid for `push'
/tmp/ccjICg7m.s:138: Error: suffix or operands invalid for `pop'
Compiling C file egncap_cap.c (optimize)
/usr/local/isde/cadence/IC5141/tools.lnx86/systemc/gcc/install/bin/gcc -ansi -march=i486 -O3 -DSYSV -DSVR4 -D_REENTRANT -fPIC   -DconfigSPECTRE -I. -I/usr/local/isde/cadence/IC5141/tools.lnx86/spectre/ahdlcmi/include -c egncap_cap.c -o obj/Linux2.6.18-53.1.13.el5+gcc/optimize/egncap_cap.o || rm -f -f obj/Linux2.6.18-53.1.13.el5+gcc/optimize/egncap_cap.o;
/tmp/ccXtqoit.s: Assembler messages:
/tmp/ccXtqoit.s:16: Error: suffix or operands invalid for `push'
/tmp/ccXtqoit.s:18: Error: suffix or operands invalid for `push'
/tmp/ccXtqoit.s:19: Error: suffix or operands invalid for `push'
/tmp/ccXtqoit.s:23: Error: suffix or operands invalid for `pop'
/tmp/ccXtqoit.s:25: Error: suffix or operands invalid for `push'
/tmp/ccXtqoit.s:30: Error: relocated field and relocation type differ in signedness
/tmp/ccXtqoit.s:34: Error: relocated field and relocation type differ in signedness
/tmp/ccXtqoit.s:43: Error: suffix or operands invalid for `push'
/tmp/ccXtqoit.s:46: Error: 8-byte relocation cannot be applied to 4-byte field
/tmp/ccXtqoit.s:54: Error: relocated field and relocation type differ in signedness
/tmp/ccXtqoit.s:58: Error: relocated field and relocation type differ in signedness
/tmp/ccXtqoit.s:70: Error: suffix or operands invalid for `push'
/tmp/ccXtqoit.s:283: Error: suffix or operands invalid for `pop'
/tmp/ccXtqoit.s:284: Error: suffix or operands invalid for `pop'
/tmp/ccXtqoit.s:286: Error: suffix or operands invalid for `pop'
/tmp/ccXtqoit.s:291: Error: relocated field and relocation type differ in signedness
/tmp/ccXtqoit.s:295: Error: relocated field and relocation type differ in signedness
/tmp/ccXtqoit.s:301: Error: 8-byte relocation cannot be applied to 4-byte field
/tmp/ccXtqoit.s:305: Error: 8-byte relocation cannot be applied to 4-byte field
/tmp/ccXtqoit.s:323: Error: suffix or operands invalid for `push'
/tmp/ccXtqoit.s:325: Error: suffix or operands invalid for `push'
/tmp/ccXtqoit.s:326: Error: suffix or operands invalid for `push'
/tmp/ccXtqoit.s:330: Error: suffix or operands invalid for `pop'
/tmp/ccXtqoit.s:332: Error: suffix or operands invalid for `push'
/tmp/ccXtqoit.s:337: Error: relocated field and relocation type differ in signedness
/tmp/ccXtqoit.s:341: Error: relocated field and relocation type differ in signedness
/tmp/ccXtqoit.s:350: Error: suffix or operands invalid for `push'
/tmp/ccXtqoit.s:353: Error: 8-byte relocation cannot be applied to 4-byte field
/tmp/ccXtqoit.s:361: Error: relocated field and relocation type differ in signedness
/tmp/ccXtqoit.s:365: Error: relocated field and relocation type differ in signedness
/tmp/ccXtqoit.s:377: Error: suffix or operands invalid for `push'
/tmp/ccXtqoit.s:494: Error: suffix or operands invalid for `pop'
/tmp/ccXtqoit.s:495: Error: suffix or operands invalid for `pop'
/tmp/ccXtqoit.s:497: Error: suffix or operands invalid for `pop'
/tmp/ccXtqoit.s:502: Error: relocated field and relocation type differ in signedness
/tmp/ccXtqoit.s:506: Error: relocated field and relocation type differ in signedness
/tmp/ccXtqoit.s:512: Error: 8-byte relocation cannot be applied to 4-byte field
/tmp/ccXtqoit.s:516: Error: 8-byte relocation cannot be applied to 4-byte field
/tmp/ccXtqoit.s:542: Error: suffix or operands invalid for `push'
/tmp/ccXtqoit.s:544: Error: suffix or operands invalid for `push'
/tmp/ccXtqoit.s:545: Error: suffix or operands invalid for `push'
/tmp/ccXtqoit.s:546: Error: suffix or operands invalid for `push'
/tmp/ccXtqoit.s:550: Error: suffix or operands invalid for `pop'
/tmp/ccXtqoit.s:557: Error: suffix or operands invalid for `push'
/tmp/ccXtqoit.s:561: Error: relocated field and relocation type differ in signedness
/tmp/ccXtqoit.s:565: Error: relocated field and relocation type differ in signedness
/tmp/ccXtqoit.s:574: Error: suffix or operands invalid for `push'
/tmp/ccXtqoit.s:577: Error: 8-byte relocation cannot be applied to 4-byte field
/tmp/ccXtqoit.s:585: Error: relocated field and relocation type differ in signedness
/tmp/ccXtqoit.s:588: Error: relocated field and relocation type differ in signedness
/tmp/ccXtqoit.s:605: Error: 8-byte relocation cannot be applied to 4-byte field
/tmp/ccXtqoit.s:610: Error: suffix or operands invalid for `push'
/tmp/ccXtqoit.s:685: Error: 8-byte relocation cannot be applied to 4-byte field
/tmp/ccXtqoit.s:755: Error: 8-byte relocation cannot be applied to 4-byte field
/tmp/ccXtqoit.s:852: Error: 8-byte relocation cannot be applied to 4-byte field
/tmp/ccXtqoit.s:915: Error: relocated field and relocation type differ in signedness
/tmp/ccXtqoit.s:919: Error: relocated field and relocation type differ in signedness
/tmp/ccXtqoit.s:929: Error: relocated field and relocation type differ in signedness
/tmp/ccXtqoit.s:932: Error: 8-byte relocation cannot be applied to 4-byte field
/tmp/ccXtqoit.s:947: Error: 8-byte relocation cannot be applied to 4-byte field
/tmp/ccXtqoit.s:958: Error: suffix or operands invalid for `push'
/tmp/ccXtqoit.s:960: Error: suffix or operands invalid for `push'
/tmp/ccXtqoit.s:962: Error: suffix or operands invalid for `push'
/tmp/ccXtqoit.s:964: Error: suffix or operands invalid for `push'
/tmp/ccXtqoit.s:967: Error: suffix or operands invalid for `pop'
/tmp/ccXtqoit.s:968: Error: suffix or operands invalid for `pop'
/tmp/ccXtqoit.s:969: Error: suffix or operands invalid for `pop'
/tmp/ccXtqoit.s:971: Error: suffix or operands invalid for `pop'
/tmp/ccXtqoit.s:985: Error: 8-byte relocation cannot be applied to 4-byte field
/tmp/ccXtqoit.s:993: Error: relocated field and relocation type differ in signedness
/tmp/ccXtqoit.s:996: Error: relocated field and relocation type differ in signedness
/tmp/ccXtqoit.s:1002: Error: 8-byte relocation cannot be applied to 4-byte field
/tmp/ccXtqoit.s:1010: Error: 8-byte relocation cannot be applied to 4-byte field
/tmp/ccXtqoit.s:1028: Error: suffix or operands invalid for `push'
/tmp/ccXtqoit.s:1030: Error: suffix or operands invalid for `push'
/tmp/ccXtqoit.s:1031: Error: suffix or operands invalid for `push'
/tmp/ccXtqoit.s:1032: Error: suffix or operands invalid for `push'
/tmp/ccXtqoit.s:1036: Error: suffix or operands invalid for `pop'
/tmp/ccXtqoit.s:1043: Error: suffix or operands invalid for `push'
/tmp/ccXtqoit.s:1047: Error: relocated field and relocation type differ in signedness
/tmp/ccXtqoit.s:1051: Error: relocated field and relocation type differ in signedness
/tmp/ccXtqoit.s:1060: Error: suffix or operands invalid for `push'
/tmp/ccXtqoit.s:1063: Error: 8-byte relocation cannot be applied to 4-byte field
/tmp/ccXtqoit.s:1071: Error: relocated field and relocation type differ in signedness
/tmp/ccXtqoit.s:1075: Error: relocated field and relocation type differ in signedness
/tmp/ccXtqoit.s:1086: Error: suffix or operands invalid for `push'
/tmp/ccXtqoit.s:1205: Error: relocated field and relocation type differ in signedness
/tmp/ccXtqoit.s:1209: Error: relocated field and relocation type differ in signedness
/tmp/ccXtqoit.s:1219: Error: relocated field and relocation type differ in signedness
/tmp/ccXtqoit.s:1222: Error: 8-byte relocation cannot be applied to 4-byte field
/tmp/ccXtqoit.s:1250: Error: suffix or operands invalid for `pop'
/tmp/ccXtqoit.s:1251: Error: suffix or operands invalid for `pop'
/tmp/ccXtqoit.s:1252: Error: suffix or operands invalid for `pop'
/tmp/ccXtqoit.s:1254: Error: suffix or operands invalid for `pop'
/tmp/ccXtqoit.s:1274: Error: relocated field and relocation type differ in signedness
/tmp/ccXtqoit.s:1278: Error: relocated field and relocation type differ in signedness
/tmp/ccXtqoit.s:1284: Error: 8-byte relocation cannot be applied to 4-byte field
/tmp/ccXtqoit.s:1288: Error: 8-byte relocation cannot be applied to 4-byte field
/tmp/ccXtqoit.s:1296: Error: suffix or operands invalid for `push'
/tmp/ccXtqoit.s:1298: Error: suffix or operands invalid for `push'
/tmp/ccXtqoit.s:1301: Error: suffix or operands invalid for `pop'
/tmp/ccXtqoit.s:1303: Error: suffix or operands invalid for `pop'
/tmp/ccXtqoit.s:1305: Error: suffix or operands invalid for `pop'
Compiling C file egncap_cur.c (optimize)
/usr/local/isde/cadence/IC5141/tools.lnx86/systemc/gcc/install/bin/gcc -ansi -march=i486 -O3 -DSYSV -DSVR4 -D_REENTRANT -fPIC   -DconfigSPECTRE -I. -I/usr/local/isde/cadence/IC5141/tools.lnx86/spectre/ahdlcmi/include -c egncap_cur.c -o obj/Linux2.6.18-53.1.13.el5+gcc/optimize/egncap_cur.o || rm -f -f obj/Linux2.6.18-53.1.13.el5+gcc/optimize/egncap_cur.o;
/tmp/cc7fgRJM.s: Assembler messages:
/tmp/cc7fgRJM.s:24: Error: suffix or operands invalid for `push'
/tmp/cc7fgRJM.s:26: Error: suffix or operands invalid for `push'
/tmp/cc7fgRJM.s:27: Error: suffix or operands invalid for `push'
/tmp/cc7fgRJM.s:28: Error: suffix or operands invalid for `push'
/tmp/cc7fgRJM.s:32: Error: suffix or operands invalid for `pop'
/tmp/cc7fgRJM.s:35: Error: 8-byte relocation cannot be applied to 4-byte field
/tmp/cc7fgRJM.s:40: Error: suffix or operands invalid for `push'
/tmp/cc7fgRJM.s:45: Error: relocated field and relocation type differ in signedness
/tmp/cc7fgRJM.s:49: Error: relocated field and relocation type differ in signedness
/tmp/cc7fgRJM.s:58: Error: suffix or operands invalid for `push'
/tmp/cc7fgRJM.s:61: Error: 8-byte relocation cannot be applied to 4-byte field
/tmp/cc7fgRJM.s:69: Error: relocated field and relocation type differ in signedness
/tmp/cc7fgRJM.s:72: Error: relocated field and relocation type differ in signedness
/tmp/cc7fgRJM.s:89: Error: 8-byte relocation cannot be applied to 4-byte field
/tmp/cc7fgRJM.s:94: Error: suffix or operands invalid for `push'
/tmp/cc7fgRJM.s:115: Error: 8-byte relocation cannot be applied to 4-byte field
/tmp/cc7fgRJM.s:120: Error: suffix or operands invalid for `pop'
/tmp/cc7fgRJM.s:122: Error: suffix or operands invalid for `pop'
/tmp/cc7fgRJM.s:127: Error: 8-byte relocation cannot be applied to 4-byte field
/tmp/cc7fgRJM.s:137: Error: 8-byte relocation cannot be applied to 4-byte field
/tmp/cc7fgRJM.s:175: Error: 8-byte relocation cannot be applied to 4-byte field
/tmp/cc7fgRJM.s:180: Error: suffix or operands invalid for `pop'
/tmp/cc7fgRJM.s:182: Error: suffix or operands invalid for `pop'
/tmp/cc7fgRJM.s:187: Error: 8-byte relocation cannot be applied to 4-byte field
/tmp/cc7fgRJM.s:200: Error: 8-byte relocation cannot be applied to 4-byte field
/tmp/cc7fgRJM.s:219: Error: suffix or operands invalid for `push'
/tmp/cc7fgRJM.s:226: Error: 8-byte relocation cannot be applied to 4-byte field
/tmp/cc7fgRJM.s:259: Error: 8-byte relocation cannot be applied to 4-byte field
/tmp/cc7fgRJM.s:264: Error: suffix or operands invalid for `pop'
/tmp/cc7fgRJM.s:266: Error: suffix or operands invalid for `pop'
/tmp/cc7fgRJM.s:271: Error: 8-byte relocation cannot be applied to 4-byte field
/tmp/cc7fgRJM.s:278: Error: suffix or operands invalid for `push'
/tmp/cc7fgRJM.s:279: Error: suffix or operands invalid for `push'
/tmp/cc7fgRJM.s:287: Error: 8-byte relocation cannot be applied to 4-byte field
/tmp/cc7fgRJM.s:296: Error: suffix or operands invalid for `push'
/tmp/cc7fgRJM.s:308: Error: suffix or operands invalid for `push'
/tmp/cc7fgRJM.s:311: Error: suffix or operands invalid for `push'
/tmp/cc7fgRJM.s:333: Error: suffix or operands invalid for `push'
/tmp/cc7fgRJM.s:334: Error: suffix or operands invalid for `push'
/tmp/cc7fgRJM.s:348: Error: 8-byte relocation cannot be applied to 4-byte field
/tmp/cc7fgRJM.s:398: Error: suffix or operands invalid for `push'
/tmp/cc7fgRJM.s:400: Error: suffix or operands invalid for `push'
/tmp/cc7fgRJM.s:428: Error: suffix or operands invalid for `push'
/tmp/cc7fgRJM.s:449: Error: 8-byte relocation cannot be applied to 4-byte field
/tmp/cc7fgRJM.s:454: Error: suffix or operands invalid for `pop'
/tmp/cc7fgRJM.s:456: Error: suffix or operands invalid for `pop'
/tmp/cc7fgRJM.s:461: Error: 8-byte relocation cannot be applied to 4-byte field
/tmp/cc7fgRJM.s:471: Error: 8-byte relocation cannot be applied to 4-byte field
/tmp/cc7fgRJM.s:509: Error: 8-byte relocation cannot be applied to 4-byte field
/tmp/cc7fgRJM.s:514: Error: suffix or operands invalid for `pop'
/tmp/cc7fgRJM.s:516: Error: suffix or operands invalid for `pop'
/tmp/cc7fgRJM.s:521: Error: 8-byte relocation cannot be applied to 4-byte field
/tmp/cc7fgRJM.s:534: Error: 8-byte relocation cannot be applied to 4-byte field
/tmp/cc7fgRJM.s:553: Error: suffix or operands invalid for `push'
/tmp/cc7fgRJM.s:560: Error: 8-byte relocation cannot be applied to 4-byte field
/tmp/cc7fgRJM.s:593: Error: 8-byte relocation cannot be applied to 4-byte field
/tmp/cc7fgRJM.s:598: Error: suffix or operands invalid for `pop'
/tmp/cc7fgRJM.s:600: Error: suffix or operands invalid for `pop'
/tmp/cc7fgRJM.s:605: Error: 8-byte relocation cannot be applied to 4-byte field
/tmp/cc7fgRJM.s:612: Error: suffix or operands invalid for `push'
/tmp/cc7fgRJM.s:613: Error: suffix or operands invalid for `push'
/tmp/cc7fgRJM.s:621: Error: 8-byte relocation cannot be applied to 4-byte field
/tmp/cc7fgRJM.s:630: Error: suffix or operands invalid for `push'
/tmp/cc7fgRJM.s:642: Error: suffix or operands invalid for `push'
/tmp/cc7fgRJM.s:645: Error: suffix or operands invalid for `push'
/tmp/cc7fgRJM.s:667: Error: suffix or operands invalid for `push'
/tmp/cc7fgRJM.s:668: Error: suffix or operands invalid for `push'
/tmp/cc7fgRJM.s:682: Error: 8-byte relocation cannot be applied to 4-byte field
/tmp/cc7fgRJM.s:730: Error: suffix or operands invalid for `push'
/tmp/cc7fgRJM.s:734: Error: suffix or operands invalid for `push'
/tmp/cc7fgRJM.s:759: Error: suffix or operands invalid for `push'
/tmp/cc7fgRJM.s:762: Error: 8-byte relocation cannot be applied to 4-byte field
/tmp/cc7fgRJM.s:787: Error: suffix or operands invalid for `push'
/tmp/cc7fgRJM.s:801: Error: relocated field and relocation type differ in signedness
/tmp/cc7fgRJM.s:805: Error: relocated field and relocation type differ in signedness
/tmp/cc7fgRJM.s:815: Error: relocated field and relocation type differ in signedness
/tmp/cc7fgRJM.s:818: Error: 8-byte relocation cannot be applied to 4-byte field
/tmp/cc7fgRJM.s:845: Error: suffix or operands invalid for `push'
/tmp/cc7fgRJM.s:847: Error: suffix or operands invalid for `push'
/tmp/cc7fgRJM.s:849: Error: suffix or operands invalid for `push'
/tmp/cc7fgRJM.s:851: Error: suffix or operands invalid for `push'
/tmp/cc7fgRJM.s:854: Error: suffix or operands invalid for `pop'
/tmp/cc7fgRJM.s:855: Error: suffix or operands invalid for `pop'
/tmp/cc7fgRJM.s:856: Error: suffix or operands invalid for `pop'
/tmp/cc7fgRJM.s:858: Error: suffix or operands invalid for `pop'
/tmp/cc7fgRJM.s:920: Error: 8-byte relocation cannot be applied to 4-byte field
/tmp/cc7fgRJM.s:933: Error: suffix or operands invalid for `push'
/tmp/cc7fgRJM.s:946: Error: 8-byte relocation cannot be applied to 4-byte field
/tmp/cc7fgRJM.s:972: Error: suffix or operands invalid for `pop'
/tmp/cc7fgRJM.s:973: Error: suffix or operands invalid for `pop'
/tmp/cc7fgRJM.s:981: Error: 8-byte relocation cannot be applied to 4-byte field
/tmp/cc7fgRJM.s:990: Error: 8-byte relocation cannot be applied to 4-byte field
/tmp/cc7fgRJM.s:1011: Error: suffix or operands invalid for `pop'
/tmp/cc7fgRJM.s:1012: Error: suffix or operands invalid for `pop'
/tmp/cc7fgRJM.s:1020: Error: 8-byte relocation cannot be applied to 4-byte field
/tmp/cc7fgRJM.s:1043: Error: suffix or operands invalid for `pop'
/tmp/cc7fgRJM.s:1044: Error: suffix or operands invalid for `pop'
/tmp/cc7fgRJM.s:1090: Error: 8-byte relocation cannot be applied to 4-byte field
/tmp/cc7fgRJM.s:1095: Error: suffix or operands invalid for `push'
/tmp/cc7fgRJM.s:1108: Error: 8-byte relocation cannot be applied to 4-byte field
/tmp/cc7fgRJM.s:1134: Error: suffix or operands invalid for `pop'
/tmp/cc7fgRJM.s:1135: Error: suffix or operands invalid for `pop'
/tmp/cc7fgRJM.s:1143: Error: 8-byte relocation cannot be applied to 4-byte field
/tmp/cc7fgRJM.s:1152: Error: 8-byte relocation cannot be applied to 4-byte field
/tmp/cc7fgRJM.s:1173: Error: suffix or operands invalid for `pop'
/tmp/cc7fgRJM.s:1174: Error: suffix or operands invalid for `pop'
/tmp/cc7fgRJM.s:1182: Error: 8-byte relocation cannot be applied to 4-byte field
/tmp/cc7fgRJM.s:1205: Error: suffix or operands invalid for `pop'
/tmp/cc7fgRJM.s:1206: Error: suffix or operands invalid for `pop'
/tmp/cc7fgRJM.s:1212: Error: 8-byte relocation cannot be applied to 4-byte field
/tmp/cc7fgRJM.s:1220: Error: relocated field and relocation type differ in signedness
/tmp/cc7fgRJM.s:1223: Error: relocated field and relocation type differ in signedness
/tmp/cc7fgRJM.s:1229: Error: 8-byte relocation cannot be applied to 4-byte field
/tmp/cc7fgRJM.s:1255: Error: suffix or operands invalid for `push'
/tmp/cc7fgRJM.s:1257: Error: suffix or operands invalid for `push'
/tmp/cc7fgRJM.s:1258: Error: suffix or operands invalid for `push'
/tmp/cc7fgRJM.s:1259: Error: suffix or operands invalid for `push'
/tmp/cc7fgRJM.s:1263: Error: suffix or operands invalid for `pop'
/tmp/cc7fgRJM.s:1270: Error: suffix or operands invalid for `push'
/tmp/cc7fgRJM.s:1274: Error: relocated field and relocation type differ in signedness
/tmp/cc7fgRJM.s:1278: Error: relocated field and relocation type differ in signedness
/tmp/cc7fgRJM.s:1287: Error: suffix or operands invalid for `push'
/tmp/cc7fgRJM.s:1290: Error: 8-byte relocation cannot be applied to 4-byte field
/tmp/cc7fgRJM.s:1298: Error: relocated field and relocation type differ in signedness
/tmp/cc7fgRJM.s:1302: Error: relocated field and relocation type differ in signedness
/tmp/cc7fgRJM.s:1313: Error: suffix or operands invalid for `push'
/tmp/cc7fgRJM.s:1333: Error: 8-byte relocation cannot be applied to 4-byte field
/tmp/cc7fgRJM.s:1338: Error: suffix or operands invalid for `pop'
/tmp/cc7fgRJM.s:1340: Error: suffix or operands invalid for `pop'
/tmp/cc7fgRJM.s:1345: Error: 8-byte relocation cannot be applied to 4-byte field
/tmp/cc7fgRJM.s:1354: Error: 8-byte relocation cannot be applied to 4-byte field
/tmp/cc7fgRJM.s:1375: Error: suffix or operands invalid for `push'
/tmp/cc7fgRJM.s:1395: Error: 8-byte relocation cannot be applied to 4-byte field
/tmp/cc7fgRJM.s:1400: Error: suffix or operands invalid for `pop'
/tmp/cc7fgRJM.s:1402: Error: suffix or operands invalid for `pop'
/tmp/cc7fgRJM.s:1407: Error: 8-byte relocation cannot be applied to 4-byte field
/tmp/cc7fgRJM.s:1416: Error: 8-byte relocation cannot be applied to 4-byte field
/tmp/cc7fgRJM.s:1437: Error: suffix or operands invalid for `push'
/tmp/cc7fgRJM.s:1440: Error: 8-byte relocation cannot be applied to 4-byte field
/tmp/cc7fgRJM.s:1455: Error: suffix or operands invalid for `push'
/tmp/cc7fgRJM.s:1462: Error: relocated field and relocation type differ in signedness
/tmp/cc7fgRJM.s:1466: Error: relocated field and relocation type differ in signedness
/tmp/cc7fgRJM.s:1476: Error: relocated field and relocation type differ in signedness
/tmp/cc7fgRJM.s:1479: Error: 8-byte relocation cannot be applied to 4-byte field
/tmp/cc7fgRJM.s:1507: Error: suffix or operands invalid for `pop'
/tmp/cc7fgRJM.s:1508: Error: suffix or operands invalid for `pop'
/tmp/cc7fgRJM.s:1509: Error: suffix or operands invalid for `pop'
/tmp/cc7fgRJM.s:1511: Error: suffix or operands invalid for `pop'
/tmp/cc7fgRJM.s:1533: Error: 8-byte relocation cannot be applied to 4-byte field
/tmp/cc7fgRJM.s:1551: Error: suffix or operands invalid for `pop'
/tmp/cc7fgRJM.s:1552: Error: suffix or operands invalid for `pop'
/tmp/cc7fgRJM.s:1560: Error: 8-byte relocation cannot be applied to 4-byte field
/tmp/cc7fgRJM.s:1578: Error: suffix or operands invalid for `pop'
/tmp/cc7fgRJM.s:1579: Error: suffix or operands invalid for `pop'
/tmp/cc7fgRJM.s:1589: Error: relocated field and relocation type differ in signedness
/tmp/cc7fgRJM.s:1593: Error: relocated field and relocation type differ in signedness
/tmp/cc7fgRJM.s:1599: Error: 8-byte relocation cannot be applied to 4-byte field
/tmp/cc7fgRJM.s:1603: Error: 8-byte relocation cannot be applied to 4-byte field
/tmp/cc7fgRJM.s:1629: Error: suffix or operands invalid for `push'
/tmp/cc7fgRJM.s:1631: Error: suffix or operands invalid for `push'
/tmp/cc7fgRJM.s:1632: Error: suffix or operands invalid for `push'
/tmp/cc7fgRJM.s:1633: Error: suffix or operands invalid for `push'
/tmp/cc7fgRJM.s:1637: Error: suffix or operands invalid for `pop'
/tmp/cc7fgRJM.s:1640: Error: 8-byte relocation cannot be applied to 4-byte field
/tmp/cc7fgRJM.s:1645: Error: suffix or operands invalid for `push'
/tmp/cc7fgRJM.s:1650: Error: relocated field and relocation type differ in signedness
/tmp/cc7fgRJM.s:1654: Error: relocated field and relocation type differ in signedness
/tmp/cc7fgRJM.s:1663: Error: suffix or operands invalid for `push'
/tmp/cc7fgRJM.s:1666: Error: 8-byte relocation cannot be applied to 4-byte field
/tmp/cc7fgRJM.s:1674: Error: relocated field and relocation type differ in signedness
/tmp/cc7fgRJM.s:1677: Error: relocated field and relocation type differ in signedness
/tmp/cc7fgRJM.s:1694: Error: 8-byte relocation cannot be applied to 4-byte field
/tmp/cc7fgRJM.s:1699: Error: suffix or operands invalid for `push'
/tmp/cc7fgRJM.s:1720: Error: 8-byte relocation cannot be applied to 4-byte field
/tmp/cc7fgRJM.s:1725: Error: suffix or operands invalid for `pop'
/tmp/cc7fgRJM.s:1727: Error: suffix or operands invalid for `pop'
/tmp/cc7fgRJM.s:1732: Error: 8-byte relocation cannot be applied to 4-byte field
/tmp/cc7fgRJM.s:1742: Error: 8-byte relocation cannot be applied to 4-byte field
/tmp/cc7fgRJM.s:1780: Error: 8-byte relocation cannot be applied to 4-byte field
/tmp/cc7fgRJM.s:1785: Error: suffix or operands invalid for `pop'
/tmp/cc7fgRJM.s:1787: Error: suffix or operands invalid for `pop'
/tmp/cc7fgRJM.s:1792: Error: 8-byte relocation cannot be applied to 4-byte field
/tmp/cc7fgRJM.s:1805: Error: 8-byte relocation cannot be applied to 4-byte field
/tmp/cc7fgRJM.s:1824: Error: suffix or operands invalid for `push'
/tmp/cc7fgRJM.s:1831: Error: 8-byte relocation cannot be applied to 4-byte field
/tmp/cc7fgRJM.s:1864: Error: 8-byte relocation cannot be applied to 4-byte field
/tmp/cc7fgRJM.s:1869: Error: suffix or operands invalid for `pop'
/tmp/cc7fgRJM.s:1871: Error: suffix or operands invalid for `pop'
/tmp/cc7fgRJM.s:1876: Error: 8-byte relocation cannot be applied to 4-byte field
/tmp/cc7fgRJM.s:1883: Error: suffix or operands invalid for `push'
/tmp/cc7fgRJM.s:1884: Error: suffix or operands invalid for `push'
/tmp/cc7fgRJM.s:1892: Error: 8-byte relocation cannot be applied to 4-byte field
/tmp/cc7fgRJM.s:1901: Error: suffix or operands invalid for `push'
/tmp/cc7fgRJM.s:1913: Error: suffix or operands invalid for `push'
/tmp/cc7fgRJM.s:1916: Error: suffix or operands invalid for `push'
/tmp/cc7fgRJM.s:1938: Error: suffix or operands invalid for `push'
/tmp/cc7fgRJM.s:1939: Error: suffix or operands invalid for `push'
/tmp/cc7fgRJM.s:1953: Error: 8-byte relocation cannot be applied to 4-byte field
/tmp/cc7fgRJM.s:2003: Error: suffix or operands invalid for `push'
/tmp/cc7fgRJM.s:2005: Error: suffix or operands invalid for `push'
/tmp/cc7fgRJM.s:2033: Error: suffix or operands invalid for `push'
/tmp/cc7fgRJM.s:2054: Error: 8-byte relocation cannot be applied to 4-byte field
/tmp/cc7fgRJM.s:2059: Error: suffix or operands invalid for `pop'
/tmp/cc7fgRJM.s:2061: Error: suffix or operands invalid for `pop'
/tmp/cc7fgRJM.s:2066: Error: 8-byte relocation cannot be applied to 4-byte field
/tmp/cc7fgRJM.s:2076: Error: 8-byte relocation cannot be applied to 4-byte field
/tmp/cc7fgRJM.s:2114: Error: 8-byte relocation cannot be applied to 4-byte field
/tmp/cc7fgRJM.s:2119: Error: suffix or operands invalid for `pop'
/tmp/cc7fgRJM.s:2121: Error: suffix or operands invalid for `pop'
/tmp/cc7fgRJM.s:2126: Error: 8-byte relocation cannot be applied to 4-byte field
/tmp/cc7fgRJM.s:2139: Error: 8-byte relocation cannot be applied to 4-byte field
/tmp/cc7fgRJM.s:2158: Error: suffix or operands invalid for `push'
/tmp/cc7fgRJM.s:2165: Error: 8-byte relocation cannot be applied to 4-byte field
/tmp/cc7fgRJM.s:2198: Error: 8-byte relocation cannot be applied to 4-byte field
/tmp/cc7fgRJM.s:2203: Error: suffix or operands invalid for `pop'
/tmp/cc7fgRJM.s:2205: Error: suffix or operands invalid for `pop'
/tmp/cc7fgRJM.s:2210: Error: 8-byte relocation cannot be applied to 4-byte field
/tmp/cc7fgRJM.s:2217: Error: suffix or operands invalid for `push'
/tmp/cc7fgRJM.s:2218: Error: suffix or operands invalid for `push'
/tmp/cc7fgRJM.s:2226: Error: 8-byte relocation cannot be applied to 4-byte field
/tmp/cc7fgRJM.s:2235: Error: suffix or operands invalid for `push'
/tmp/cc7fgRJM.s:2247: Error: suffix or operands invalid for `push'
/tmp/cc7fgRJM.s:2250: Error: suffix or operands invalid for `push'
/tmp/cc7fgRJM.s:2272: Error: suffix or operands invalid for `push'
/tmp/cc7fgRJM.s:2273: Error: suffix or operands invalid for `push'
/tmp/cc7fgRJM.s:2287: Error: 8-byte relocation cannot be applied to 4-byte field
/tmp/cc7fgRJM.s:2335: Error: suffix or operands invalid for `push'
/tmp/cc7fgRJM.s:2339: Error: suffix or operands invalid for `push'
/tmp/cc7fgRJM.s:2364: Error: suffix or operands invalid for `push'
/tmp/cc7fgRJM.s:2367: Error: 8-byte relocation cannot be applied to 4-byte field
/tmp/cc7fgRJM.s:2392: Error: suffix or operands invalid for `push'
/tmp/cc7fgRJM.s:2406: Error: relocated field and relocation type differ in signedness
/tmp/cc7fgRJM.s:2410: Error: relocated field and relocation type differ in signedness
/tmp/cc7fgRJM.s:2420: Error: relocated field and relocation type differ in signedness
/tmp/cc7fgRJM.s:2423: Error: 8-byte relocation cannot be applied to 4-byte field
/tmp/cc7fgRJM.s:2450: Error: suffix or operands invalid for `push'
/tmp/cc7fgRJM.s:2452: Error: suffix or operands invalid for `push'
/tmp/cc7fgRJM.s:2454: Error: suffix or operands invalid for `push'
/tmp/cc7fgRJM.s:2456: Error: suffix or operands invalid for `push'
/tmp/cc7fgRJM.s:2459: Error: suffix or operands invalid for `pop'
/tmp/cc7fgRJM.s:2460: Error: suffix or operands invalid for `pop'
/tmp/cc7fgRJM.s:2461: Error: suffix or operands invalid for `pop'
/tmp/cc7fgRJM.s:2463: Error: suffix or operands invalid for `pop'
/tmp/cc7fgRJM.s:2525: Error: 8-byte relocation cannot be applied to 4-byte field
/tmp/cc7fgRJM.s:2538: Error: suffix or operands invalid for `push'
/tmp/cc7fgRJM.s:2551: Error: 8-byte relocation cannot be applied to 4-byte field
/tmp/cc7fgRJM.s:2577: Error: suffix or operands invalid for `pop'
/tmp/cc7fgRJM.s:2578: Error: suffix or operands invalid for `pop'
/tmp/cc7fgRJM.s:2586: Error: 8-byte relocation cannot be applied to 4-byte field
/tmp/cc7fgRJM.s:2595: Error: 8-byte relocation cannot be applied to 4-byte field
/tmp/cc7fgRJM.s:2616: Error: suffix or operands invalid for `pop'
/tmp/cc7fgRJM.s:2617: Error: suffix or operands invalid for `pop'
/tmp/cc7fgRJM.s:2625: Error: 8-byte relocation cannot be applied to 4-byte field
/tmp/cc7fgRJM.s:2648: Error: suffix or operands invalid for `pop'
/tmp/cc7fgRJM.s:2649: Error: suffix or operands invalid for `pop'
/tmp/cc7fgRJM.s:2695: Error: 8-byte relocation cannot be applied to 4-byte field
/tmp/cc7fgRJM.s:2700: Error: suffix or operands invalid for `push'
/tmp/cc7fgRJM.s:2713: Error: 8-byte relocation cannot be applied to 4-byte field
/tmp/cc7fgRJM.s:2739: Error: suffix or operands invalid for `pop'
/tmp/cc7fgRJM.s:2740: Error: suffix or operands invalid for `pop'
/tmp/cc7fgRJM.s:2748: Error: 8-byte relocation cannot be applied to 4-byte field
/tmp/cc7fgRJM.s:2757: Error: 8-byte relocation cannot be applied to 4-byte field
/tmp/cc7fgRJM.s:2778: Error: suffix or operands invalid for `pop'
/tmp/cc7fgRJM.s:2779: Error: suffix or operands invalid for `pop'
/tmp/cc7fgRJM.s:2787: Error: 8-byte relocation cannot be applied to 4-byte field
/tmp/cc7fgRJM.s:2810: Error: suffix or operands invalid for `pop'
/tmp/cc7fgRJM.s:2811: Error: suffix or operands invalid for `pop'
/tmp/cc7fgRJM.s:2817: Error: 8-byte relocation cannot be applied to 4-byte field
/tmp/cc7fgRJM.s:2825: Error: relocated field and relocation type differ in signedness
/tmp/cc7fgRJM.s:2828: Error: relocated field and relocation type differ in signedness
/tmp/cc7fgRJM.s:2834: Error: 8-byte relocation cannot be applied to 4-byte field
/tmp/cc7fgRJM.s:2860: Error: suffix or operands invalid for `push'
/tmp/cc7fgRJM.s:2862: Error: suffix or operands invalid for `push'
/tmp/cc7fgRJM.s:2863: Error: suffix or operands invalid for `push'
/tmp/cc7fgRJM.s:2864: Error: suffix or operands invalid for `push'
/tmp/cc7fgRJM.s:2868: Error: suffix or operands invalid for `pop'
/tmp/cc7fgRJM.s:2875: Error: suffix or operands invalid for `push'
/tmp/cc7fgRJM.s:2879: Error: relocated field and relocation type differ in signedness
/tmp/cc7fgRJM.s:2883: Error: relocated field and relocation type differ in signedness
/tmp/cc7fgRJM.s:2892: Error: suffix or operands invalid for `push'
/tmp/cc7fgRJM.s:2895: Error: 8-byte relocation cannot be applied to 4-byte field
/tmp/cc7fgRJM.s:2903: Error: relocated field and relocation type differ in signedness
/tmp/cc7fgRJM.s:2907: Error: relocated field and relocation type differ in signedness
/tmp/cc7fgRJM.s:2918: Error: suffix or operands invalid for `push'
/tmp/cc7fgRJM.s:2938: Error: 8-byte relocation cannot be applied to 4-byte field
/tmp/cc7fgRJM.s:2943: Error: suffix or operands invalid for `pop'
/tmp/cc7fgRJM.s:2945: Error: suffix or operands invalid for `pop'
/tmp/cc7fgRJM.s:2950: Error: 8-byte relocation cannot be applied to 4-byte field
/tmp/cc7fgRJM.s:2959: Error: 8-byte relocation cannot be applied to 4-byte field
/tmp/cc7fgRJM.s:2980: Error: suffix or operands invalid for `push'
/tmp/cc7fgRJM.s:3000: Error: 8-byte relocation cannot be applied to 4-byte field
/tmp/cc7fgRJM.s:3005: Error: suffix or operands invalid for `pop'
/tmp/cc7fgRJM.s:3007: Error: suffix or operands invalid for `pop'
/tmp/cc7fgRJM.s:3012: Error: 8-byte relocation cannot be applied to 4-byte field
/tmp/cc7fgRJM.s:3021: Error: 8-byte relocation cannot be applied to 4-byte field
/tmp/cc7fgRJM.s:3042: Error: suffix or operands invalid for `push'
/tmp/cc7fgRJM.s:3045: Error: 8-byte relocation cannot be applied to 4-byte field
/tmp/cc7fgRJM.s:3060: Error: suffix or operands invalid for `push'
/tmp/cc7fgRJM.s:3067: Error: relocated field and relocation type differ in signedness
/tmp/cc7fgRJM.s:3071: Error: relocated field and relocation type differ in signedness
/tmp/cc7fgRJM.s:3081: Error: relocated field and relocation type differ in signedness
/tmp/cc7fgRJM.s:3084: Error: 8-byte relocation cannot be applied to 4-byte field
/tmp/cc7fgRJM.s:3112: Error: suffix or operands invalid for `pop'
/tmp/cc7fgRJM.s:3113: Error: suffix or operands invalid for `pop'
/tmp/cc7fgRJM.s:3114: Error: suffix or operands invalid for `pop'
/tmp/cc7fgRJM.s:3116: Error: suffix or operands invalid for `pop'
/tmp/cc7fgRJM.s:3138: Error: 8-byte relocation cannot be applied to 4-byte field
/tmp/cc7fgRJM.s:3156: Error: suffix or operands invalid for `pop'
/tmp/cc7fgRJM.s:3157: Error: suffix or operands invalid for `pop'
/tmp/cc7fgRJM.s:3165: Error: 8-byte relocation cannot be applied to 4-byte field
/tmp/cc7fgRJM.s:3183: Error: suffix or operands invalid for `pop'
/tmp/cc7fgRJM.s:3184: Error: suffix or operands invalid for `pop'
/tmp/cc7fgRJM.s:3194: Error: relocated field and relocation type differ in signedness
/tmp/cc7fgRJM.s:3198: Error: relocated field and relocation type differ in signedness
/tmp/cc7fgRJM.s:3204: Error: 8-byte relocation cannot be applied to 4-byte field
/tmp/cc7fgRJM.s:3208: Error: 8-byte relocation cannot be applied to 4-byte field
/tmp/cc7fgRJM.s:3216: Error: suffix or operands invalid for `push'
/tmp/cc7fgRJM.s:3218: Error: suffix or operands invalid for `push'
/tmp/cc7fgRJM.s:3221: Error: suffix or operands invalid for `pop'
/tmp/cc7fgRJM.s:3223: Error: suffix or operands invalid for `pop'
/tmp/cc7fgRJM.s:3225: Error: suffix or operands invalid for `pop'
Compiling C file egncap_frcap.c (optimize)
/usr/local/isde/cadence/IC5141/tools.lnx86/systemc/gcc/install/bin/gcc -ansi -march=i486 -O3 -DSYSV -DSVR4 -D_REENTRANT -fPIC   -DconfigSPECTRE -I. -I/usr/local/isde/cadence/IC5141/tools.lnx86/spectre/ahdlcmi/include -c egncap_frcap.c -o obj/Linux2.6.18-53.1.13.el5+gcc/optimize/egncap_frcap.o || rm -f -f obj/Linux2.6.18-53.1.13.el5+gcc/optimize/egncap_frcap.o;
/tmp/ccy9WNwb.s: Assembler messages:
/tmp/ccy9WNwb.s:16: Error: suffix or operands invalid for `push'
/tmp/ccy9WNwb.s:18: Error: suffix or operands invalid for `push'
/tmp/ccy9WNwb.s:19: Error: suffix or operands invalid for `push'
/tmp/ccy9WNwb.s:23: Error: suffix or operands invalid for `pop'
/tmp/ccy9WNwb.s:25: Error: suffix or operands invalid for `push'
/tmp/ccy9WNwb.s:30: Error: relocated field and relocation type differ in signedness
/tmp/ccy9WNwb.s:34: Error: relocated field and relocation type differ in signedness
/tmp/ccy9WNwb.s:43: Error: suffix or operands invalid for `push'
/tmp/ccy9WNwb.s:46: Error: 8-byte relocation cannot be applied to 4-byte field
/tmp/ccy9WNwb.s:54: Error: relocated field and relocation type differ in signedness
/tmp/ccy9WNwb.s:58: Error: relocated field and relocation type differ in signedness
/tmp/ccy9WNwb.s:70: Error: suffix or operands invalid for `push'
/tmp/ccy9WNwb.s:203: Error: 8-byte relocation cannot be applied to 4-byte field
/tmp/ccy9WNwb.s:214: Error: suffix or operands invalid for `push'
/tmp/ccy9WNwb.s:239: Error: suffix or operands invalid for `push'
/tmp/ccy9WNwb.s:242: Error: 8-byte relocation cannot be applied to 4-byte field
/tmp/ccy9WNwb.s:251: Error: suffix or operands invalid for `push'
/tmp/ccy9WNwb.s:314: Error: 8-byte relocation cannot be applied to 4-byte field
/tmp/ccy9WNwb.s:327: Error: 8-byte relocation cannot be applied to 4-byte field
/tmp/ccy9WNwb.s:330: Error: suffix or operands invalid for `push'
/tmp/ccy9WNwb.s:333: Error: 8-byte relocation cannot be applied to 4-byte field
/tmp/ccy9WNwb.s:345: Error: suffix or operands invalid for `push'
/tmp/ccy9WNwb.s:356: Error: suffix or operands invalid for `pop'
/tmp/ccy9WNwb.s:357: Error: suffix or operands invalid for `pop'
/tmp/ccy9WNwb.s:359: Error: suffix or operands invalid for `pop'
/tmp/ccy9WNwb.s:365: Error: suffix or operands invalid for `push'
/tmp/ccy9WNwb.s:379: Error: suffix or operands invalid for `push'
/tmp/ccy9WNwb.s:389: Error: suffix or operands invalid for `push'
/tmp/ccy9WNwb.s:399: Error: suffix or operands invalid for `push'
/tmp/ccy9WNwb.s:420: Error: 8-byte relocation cannot be applied to 4-byte field
/tmp/ccy9WNwb.s:425: Error: relocated field and relocation type differ in signedness
/tmp/ccy9WNwb.s:429: Error: relocated field and relocation type differ in signedness
/tmp/ccy9WNwb.s:435: Error: 8-byte relocation cannot be applied to 4-byte field
/tmp/ccy9WNwb.s:439: Error: 8-byte relocation cannot be applied to 4-byte field
/tmp/ccy9WNwb.s:457: Error: suffix or operands invalid for `push'
/tmp/ccy9WNwb.s:459: Error: suffix or operands invalid for `push'
/tmp/ccy9WNwb.s:460: Error: suffix or operands invalid for `push'
/tmp/ccy9WNwb.s:464: Error: suffix or operands invalid for `pop'
/tmp/ccy9WNwb.s:466: Error: suffix or operands invalid for `push'
/tmp/ccy9WNwb.s:471: Error: relocated field and relocation type differ in signedness
/tmp/ccy9WNwb.s:475: Error: relocated field and relocation type differ in signedness
/tmp/ccy9WNwb.s:484: Error: suffix or operands invalid for `push'
/tmp/ccy9WNwb.s:487: Error: 8-byte relocation cannot be applied to 4-byte field
/tmp/ccy9WNwb.s:495: Error: relocated field and relocation type differ in signedness
/tmp/ccy9WNwb.s:499: Error: relocated field and relocation type differ in signedness
/tmp/ccy9WNwb.s:511: Error: suffix or operands invalid for `push'
/tmp/ccy9WNwb.s:573: Error: 8-byte relocation cannot be applied to 4-byte field
/tmp/ccy9WNwb.s:584: Error: suffix or operands invalid for `push'
/tmp/ccy9WNwb.s:611: Error: suffix or operands invalid for `push'
/tmp/ccy9WNwb.s:642: Error: 8-byte relocation cannot be applied to 4-byte field
/tmp/ccy9WNwb.s:655: Error: 8-byte relocation cannot be applied to 4-byte field
/tmp/ccy9WNwb.s:659: Error: suffix or operands invalid for `push'
/tmp/ccy9WNwb.s:670: Error: suffix or operands invalid for `pop'
/tmp/ccy9WNwb.s:671: Error: suffix or operands invalid for `pop'
/tmp/ccy9WNwb.s:673: Error: suffix or operands invalid for `pop'
/tmp/ccy9WNwb.s:683: Error: suffix or operands invalid for `push'
/tmp/ccy9WNwb.s:695: Error: suffix or operands invalid for `push'
/tmp/ccy9WNwb.s:714: Error: 8-byte relocation cannot be applied to 4-byte field
/tmp/ccy9WNwb.s:719: Error: relocated field and relocation type differ in signedness
/tmp/ccy9WNwb.s:723: Error: relocated field and relocation type differ in signedness
/tmp/ccy9WNwb.s:729: Error: 8-byte relocation cannot be applied to 4-byte field
/tmp/ccy9WNwb.s:733: Error: 8-byte relocation cannot be applied to 4-byte field
/tmp/ccy9WNwb.s:759: Error: suffix or operands invalid for `push'
/tmp/ccy9WNwb.s:761: Error: suffix or operands invalid for `push'
/tmp/ccy9WNwb.s:762: Error: suffix or operands invalid for `push'
/tmp/ccy9WNwb.s:763: Error: suffix or operands invalid for `push'
/tmp/ccy9WNwb.s:767: Error: suffix or operands invalid for `pop'
/tmp/ccy9WNwb.s:774: Error: suffix or operands invalid for `push'
/tmp/ccy9WNwb.s:778: Error: relocated field and relocation type differ in signedness
/tmp/ccy9WNwb.s:782: Error: relocated field and relocation type differ in signedness
/tmp/ccy9WNwb.s:791: Error: suffix or operands invalid for `push'
/tmp/ccy9WNwb.s:794: Error: 8-byte relocation cannot be applied to 4-byte field
/tmp/ccy9WNwb.s:802: Error: relocated field and relocation type differ in signedness
/tmp/ccy9WNwb.s:805: Error: relocated field and relocation type differ in signedness
/tmp/ccy9WNwb.s:822: Error: 8-byte relocation cannot be applied to 4-byte field
/tmp/ccy9WNwb.s:827: Error: suffix or operands invalid for `push'
/tmp/ccy9WNwb.s:900: Error: 8-byte relocation cannot be applied to 4-byte field
/tmp/ccy9WNwb.s:970: Error: 8-byte relocation cannot be applied to 4-byte field
/tmp/ccy9WNwb.s:993: Error: 8-byte relocation cannot be applied to 4-byte field
/tmp/ccy9WNwb.s:1004: Error: suffix or operands invalid for `push'
/tmp/ccy9WNwb.s:1029: Error: suffix or operands invalid for `push'
/tmp/ccy9WNwb.s:1032: Error: 8-byte relocation cannot be applied to 4-byte field
/tmp/ccy9WNwb.s:1043: Error: suffix or operands invalid for `push'
/tmp/ccy9WNwb.s:1072: Error: suffix or operands invalid for `push'
/tmp/ccy9WNwb.s:1108: Error: 8-byte relocation cannot be applied to 4-byte field
/tmp/ccy9WNwb.s:1147: Error: 8-byte relocation cannot be applied to 4-byte field
/tmp/ccy9WNwb.s:1160: Error: 8-byte relocation cannot be applied to 4-byte field
/tmp/ccy9WNwb.s:1163: Error: suffix or operands invalid for `push'
/tmp/ccy9WNwb.s:1166: Error: 8-byte relocation cannot be applied to 4-byte field
/tmp/ccy9WNwb.s:1180: Error: 8-byte relocation cannot be applied to 4-byte field
/tmp/ccy9WNwb.s:1185: Error: suffix or operands invalid for `push'
/tmp/ccy9WNwb.s:1217: Error: relocated field and relocation type differ in signedness
/tmp/ccy9WNwb.s:1221: Error: relocated field and relocation type differ in signedness
/tmp/ccy9WNwb.s:1231: Error: relocated field and relocation type differ in signedness
/tmp/ccy9WNwb.s:1234: Error: 8-byte relocation cannot be applied to 4-byte field
/tmp/ccy9WNwb.s:1261: Error: suffix or operands invalid for `push'
/tmp/ccy9WNwb.s:1263: Error: suffix or operands invalid for `push'
/tmp/ccy9WNwb.s:1265: Error: suffix or operands invalid for `push'
/tmp/ccy9WNwb.s:1267: Error: suffix or operands invalid for `push'
/tmp/ccy9WNwb.s:1270: Error: suffix or operands invalid for `pop'
/tmp/ccy9WNwb.s:1271: Error: suffix or operands invalid for `pop'
/tmp/ccy9WNwb.s:1272: Error: suffix or operands invalid for `pop'
/tmp/ccy9WNwb.s:1274: Error: suffix or operands invalid for `pop'
/tmp/ccy9WNwb.s:1296: Error: suffix or operands invalid for `push'
/tmp/ccy9WNwb.s:1313: Error: suffix or operands invalid for `push'
/tmp/ccy9WNwb.s:1325: Error: suffix or operands invalid for `push'
/tmp/ccy9WNwb.s:1343: Error: 8-byte relocation cannot be applied to 4-byte field
/tmp/ccy9WNwb.s:1352: Error: suffix or operands invalid for `push'
/tmp/ccy9WNwb.s:1371: Error: 8-byte relocation cannot be applied to 4-byte field
/tmp/ccy9WNwb.s:1376: Error: 8-byte relocation cannot be applied to 4-byte field
/tmp/ccy9WNwb.s:1384: Error: relocated field and relocation type differ in signedness
/tmp/ccy9WNwb.s:1387: Error: relocated field and relocation type differ in signedness
/tmp/ccy9WNwb.s:1393: Error: 8-byte relocation cannot be applied to 4-byte field
/tmp/ccy9WNwb.s:1401: Error: 8-byte relocation cannot be applied to 4-byte field
/tmp/ccy9WNwb.s:1419: Error: suffix or operands invalid for `push'
/tmp/ccy9WNwb.s:1421: Error: suffix or operands invalid for `push'
/tmp/ccy9WNwb.s:1422: Error: suffix or operands invalid for `push'
/tmp/ccy9WNwb.s:1423: Error: suffix or operands invalid for `push'
/tmp/ccy9WNwb.s:1427: Error: suffix or operands invalid for `pop'
/tmp/ccy9WNwb.s:1434: Error: suffix or operands invalid for `push'
/tmp/ccy9WNwb.s:1438: Error: relocated field and relocation type differ in signedness
/tmp/ccy9WNwb.s:1442: Error: relocated field and relocation type differ in signedness
/tmp/ccy9WNwb.s:1451: Error: suffix or operands invalid for `push'
/tmp/ccy9WNwb.s:1454: Error: 8-byte relocation cannot be applied to 4-byte field
/tmp/ccy9WNwb.s:1462: Error: relocated field and relocation type differ in signedness
/tmp/ccy9WNwb.s:1466: Error: relocated field and relocation type differ in signedness
/tmp/ccy9WNwb.s:1477: Error: suffix or operands invalid for `push'
/tmp/ccy9WNwb.s:1539: Error: 8-byte relocation cannot be applied to 4-byte field
/tmp/ccy9WNwb.s:1550: Error: suffix or operands invalid for `push'
/tmp/ccy9WNwb.s:1577: Error: suffix or operands invalid for `push'
/tmp/ccy9WNwb.s:1608: Error: 8-byte relocation cannot be applied to 4-byte field
/tmp/ccy9WNwb.s:1621: Error: 8-byte relocation cannot be applied to 4-byte field
/tmp/ccy9WNwb.s:1625: Error: suffix or operands invalid for `push'
/tmp/ccy9WNwb.s:1640: Error: relocated field and relocation type differ in signedness
/tmp/ccy9WNwb.s:1644: Error: relocated field and relocation type differ in signedness
/tmp/ccy9WNwb.s:1654: Error: relocated field and relocation type differ in signedness
/tmp/ccy9WNwb.s:1657: Error: 8-byte relocation cannot be applied to 4-byte field
/tmp/ccy9WNwb.s:1685: Error: suffix or operands invalid for `pop'
/tmp/ccy9WNwb.s:1686: Error: suffix or operands invalid for `pop'
/tmp/ccy9WNwb.s:1687: Error: suffix or operands invalid for `pop'
/tmp/ccy9WNwb.s:1689: Error: suffix or operands invalid for `pop'
/tmp/ccy9WNwb.s:1710: Error: suffix or operands invalid for `push'
/tmp/ccy9WNwb.s:1722: Error: suffix or operands invalid for `push'
/tmp/ccy9WNwb.s:1741: Error: 8-byte relocation cannot be applied to 4-byte field
/tmp/ccy9WNwb.s:1750: Error: relocated field and relocation type differ in signedness
/tmp/ccy9WNwb.s:1754: Error: relocated field and relocation type differ in signedness
/tmp/ccy9WNwb.s:1760: Error: 8-byte relocation cannot be applied to 4-byte field
/tmp/ccy9WNwb.s:1764: Error: 8-byte relocation cannot be applied to 4-byte field
/tmp/ccy9WNwb.s:1772: Error: suffix or operands invalid for `push'
/tmp/ccy9WNwb.s:1774: Error: suffix or operands invalid for `push'
/tmp/ccy9WNwb.s:1777: Error: suffix or operands invalid for `pop'
/tmp/ccy9WNwb.s:1779: Error: suffix or operands invalid for `pop'
/tmp/ccy9WNwb.s:1781: Error: suffix or operands invalid for `pop'
Compiling C file egncap_res1.c (optimize)
/usr/local/isde/cadence/IC5141/tools.lnx86/systemc/gcc/install/bin/gcc -ansi -march=i486 -O3 -DSYSV -DSVR4 -D_REENTRANT -fPIC   -DconfigSPECTRE -I. -I/usr/local/isde/cadence/IC5141/tools.lnx86/spectre/ahdlcmi/include -c egncap_res1.c -o obj/Linux2.6.18-53.1.13.el5+gcc/optimize/egncap_res1.o || rm -f -f obj/Linux2.6.18-53.1.13.el5+gcc/optimize/egncap_res1.o;
/tmp/cccBOM7y.s: Assembler messages:
/tmp/cccBOM7y.s:24: Error: suffix or operands invalid for `push'
/tmp/cccBOM7y.s:26: Error: suffix or operands invalid for `push'
/tmp/cccBOM7y.s:27: Error: suffix or operands invalid for `push'
/tmp/cccBOM7y.s:28: Error: suffix or operands invalid for `push'
/tmp/cccBOM7y.s:32: Error: suffix or operands invalid for `pop'
/tmp/cccBOM7y.s:35: Error: 8-byte relocation cannot be applied to 4-byte field
/tmp/cccBOM7y.s:42: Error: suffix or operands invalid for `push'
/tmp/cccBOM7y.s:56: Error: relocated field and relocation type differ in signedness
/tmp/cccBOM7y.s:59: Error: relocated field and relocation type differ in signedness
/tmp/cccBOM7y.s:76: Error: 8-byte relocation cannot be applied to 4-byte field
/tmp/cccBOM7y.s:81: Error: suffix or operands invalid for `push'
/tmp/cccBOM7y.s:96: Error: 8-byte relocation cannot be applied to 4-byte field
/tmp/cccBOM7y.s:109: Error: 8-byte relocation cannot be applied to 4-byte field
/tmp/cccBOM7y.s:113: Error: suffix or operands invalid for `push'
/tmp/cccBOM7y.s:114: Error: suffix or operands invalid for `push'
/tmp/cccBOM7y.s:126: Error: 8-byte relocation cannot be applied to 4-byte field
/tmp/cccBOM7y.s:176: Error: suffix or operands invalid for `push'
/tmp/cccBOM7y.s:178: Error: suffix or operands invalid for `push'
/tmp/cccBOM7y.s:202: Error: suffix or operands invalid for `push'
/tmp/cccBOM7y.s:217: Error: 8-byte relocation cannot be applied to 4-byte field
/tmp/cccBOM7y.s:230: Error: 8-byte relocation cannot be applied to 4-byte field
/tmp/cccBOM7y.s:234: Error: suffix or operands invalid for `push'
/tmp/cccBOM7y.s:235: Error: suffix or operands invalid for `push'
/tmp/cccBOM7y.s:247: Error: 8-byte relocation cannot be applied to 4-byte field
/tmp/cccBOM7y.s:295: Error: suffix or operands invalid for `push'
/tmp/cccBOM7y.s:299: Error: suffix or operands invalid for `push'
/tmp/cccBOM7y.s:318: Error: suffix or operands invalid for `push'
/tmp/cccBOM7y.s:322: Error: 8-byte relocation cannot be applied to 4-byte field
/tmp/cccBOM7y.s:360: Error: suffix or operands invalid for `push'
/tmp/cccBOM7y.s:364: Error: 8-byte relocation cannot be applied to 4-byte field
/tmp/cccBOM7y.s:374: Error: relocated field and relocation type differ in signedness
/tmp/cccBOM7y.s:378: Error: relocated field and relocation type differ in signedness
/tmp/cccBOM7y.s:392: Error: suffix or operands invalid for `push'
/tmp/cccBOM7y.s:393: Error: suffix or operands invalid for `push'
/tmp/cccBOM7y.s:395: Error: suffix or operands invalid for `push'
/tmp/cccBOM7y.s:397: Error: suffix or operands invalid for `push'
/tmp/cccBOM7y.s:401: Error: 8-byte relocation cannot be applied to 4-byte field
/tmp/cccBOM7y.s:410: Error: relocated field and relocation type differ in signedness
/tmp/cccBOM7y.s:413: Error: relocated field and relocation type differ in signedness
/tmp/cccBOM7y.s:422: Error: 8-byte relocation cannot be applied to 4-byte field
/tmp/cccBOM7y.s:435: Error: 8-byte relocation cannot be applied to 4-byte field
/tmp/cccBOM7y.s:440: Error: suffix or operands invalid for `push'
/tmp/cccBOM7y.s:442: Error: relocated field and relocation type differ in signedness
/tmp/cccBOM7y.s:446: Error: relocated field and relocation type differ in signedness
/tmp/cccBOM7y.s:456: Error: relocated field and relocation type differ in signedness
/tmp/cccBOM7y.s:459: Error: 8-byte relocation cannot be applied to 4-byte field
/tmp/cccBOM7y.s:486: Error: suffix or operands invalid for `push'
/tmp/cccBOM7y.s:488: Error: suffix or operands invalid for `push'
/tmp/cccBOM7y.s:490: Error: suffix or operands invalid for `push'
/tmp/cccBOM7y.s:492: Error: suffix or operands invalid for `push'
/tmp/cccBOM7y.s:496: Error: suffix or operands invalid for `push'
/tmp/cccBOM7y.s:498: Error: suffix or operands invalid for `push'
/tmp/cccBOM7y.s:500: Error: suffix or operands invalid for `push'
/tmp/cccBOM7y.s:503: Error: suffix or operands invalid for `pop'
/tmp/cccBOM7y.s:504: Error: suffix or operands invalid for `pop'
/tmp/cccBOM7y.s:505: Error: suffix or operands invalid for `pop'
/tmp/cccBOM7y.s:507: Error: suffix or operands invalid for `pop'
/tmp/cccBOM7y.s:523: Error: 8-byte relocation cannot be applied to 4-byte field
/tmp/cccBOM7y.s:532: Error: suffix or operands invalid for `push'
/tmp/cccBOM7y.s:533: Error: suffix or operands invalid for `push'
/tmp/cccBOM7y.s:535: Error: suffix or operands invalid for `push'
/tmp/cccBOM7y.s:537: Error: suffix or operands invalid for `push'
/tmp/cccBOM7y.s:540: Error: relocated field and relocation type differ in signedness
/tmp/cccBOM7y.s:546: Error: relocated field and relocation type differ in signedness
/tmp/cccBOM7y.s:569: Error: relocated field and relocation type differ in signedness
/tmp/cccBOM7y.s:573: Error: relocated field and relocation type differ in signedness
/tmp/cccBOM7y.s:579: Error: 8-byte relocation cannot be applied to 4-byte field
/tmp/cccBOM7y.s:600: Error: 8-byte relocation cannot be applied to 4-byte field
/tmp/cccBOM7y.s:616: Error: 8-byte relocation cannot be applied to 4-byte field
/tmp/cccBOM7y.s:659: Error: 8-byte relocation cannot be applied to 4-byte field
/tmp/cccBOM7y.s:729: Error: 8-byte relocation cannot be applied to 4-byte field
/tmp/cccBOM7y.s:757: Error: 8-byte relocation cannot be applied to 4-byte field
/tmp/cccBOM7y.s:766: Error: relocated field and relocation type differ in signedness
/tmp/cccBOM7y.s:769: Error: relocated field and relocation type differ in signedness
/tmp/cccBOM7y.s:775: Error: 8-byte relocation cannot be applied to 4-byte field
/tmp/cccBOM7y.s:776: Error: 8-byte relocation cannot be applied to 4-byte field
/tmp/cccBOM7y.s:782: Error: 8-byte relocation cannot be applied to 4-byte field
/tmp/cccBOM7y.s:803: Error: suffix or operands invalid for `push'
/tmp/cccBOM7y.s:805: Error: suffix or operands invalid for `push'
/tmp/cccBOM7y.s:806: Error: suffix or operands invalid for `push'
/tmp/cccBOM7y.s:807: Error: suffix or operands invalid for `push'
/tmp/cccBOM7y.s:811: Error: suffix or operands invalid for `pop'
/tmp/cccBOM7y.s:820: Error: suffix or operands invalid for `push'
/tmp/cccBOM7y.s:825: Error: 8-byte relocation cannot be applied to 4-byte field
/tmp/cccBOM7y.s:834: Error: relocated field and relocation type differ in signedness
/tmp/cccBOM7y.s:837: Error: relocated field and relocation type differ in signedness
/tmp/cccBOM7y.s:848: Error: suffix or operands invalid for `push'
/tmp/cccBOM7y.s:862: Error: 8-byte relocation cannot be applied to 4-byte field
/tmp/cccBOM7y.s:873: Error: 8-byte relocation cannot be applied to 4-byte field
/tmp/cccBOM7y.s:878: Error: suffix or operands invalid for `push'
/tmp/cccBOM7y.s:892: Error: 8-byte relocation cannot be applied to 4-byte field
/tmp/cccBOM7y.s:903: Error: 8-byte relocation cannot be applied to 4-byte field
/tmp/cccBOM7y.s:908: Error: suffix or operands invalid for `push'
/tmp/cccBOM7y.s:911: Error: 8-byte relocation cannot be applied to 4-byte field
/tmp/cccBOM7y.s:932: Error: suffix or operands invalid for `push'
/tmp/cccBOM7y.s:935: Error: 8-byte relocation cannot be applied to 4-byte field
/tmp/cccBOM7y.s:944: Error: relocated field and relocation type differ in signedness
/tmp/cccBOM7y.s:948: Error: relocated field and relocation type differ in signedness
/tmp/cccBOM7y.s:961: Error: suffix or operands invalid for `push'
/tmp/cccBOM7y.s:963: Error: relocated field and relocation type differ in signedness
/tmp/cccBOM7y.s:967: Error: relocated field and relocation type differ in signedness
/tmp/cccBOM7y.s:977: Error: relocated field and relocation type differ in signedness
/tmp/cccBOM7y.s:980: Error: 8-byte relocation cannot be applied to 4-byte field
/tmp/cccBOM7y.s:1008: Error: suffix or operands invalid for `pop'
/tmp/cccBOM7y.s:1009: Error: suffix or operands invalid for `pop'
/tmp/cccBOM7y.s:1010: Error: suffix or operands invalid for `pop'
/tmp/cccBOM7y.s:1012: Error: suffix or operands invalid for `pop'
/tmp/cccBOM7y.s:1032: Error: relocated field and relocation type differ in signedness
/tmp/cccBOM7y.s:1036: Error: relocated field and relocation type differ in signedness
/tmp/cccBOM7y.s:1042: Error: 8-byte relocation cannot be applied to 4-byte field
/tmp/cccBOM7y.s:1059: Error: 8-byte relocation cannot be applied to 4-byte field
/tmp/cccBOM7y.s:1105: Error: 8-byte relocation cannot be applied to 4-byte field
/tmp/cccBOM7y.s:1110: Error: relocated field and relocation type differ in signedness
/tmp/cccBOM7y.s:1113: Error: relocated field and relocation type differ in signedness
/tmp/cccBOM7y.s:1119: Error: 8-byte relocation cannot be applied to 4-byte field
/tmp/cccBOM7y.s:1123: Error: 8-byte relocation cannot be applied to 4-byte field
/tmp/cccBOM7y.s:1149: Error: suffix or operands invalid for `push'
/tmp/cccBOM7y.s:1151: Error: suffix or operands invalid for `push'
/tmp/cccBOM7y.s:1152: Error: suffix or operands invalid for `push'
/tmp/cccBOM7y.s:1153: Error: suffix or operands invalid for `push'
/tmp/cccBOM7y.s:1157: Error: suffix or operands invalid for `pop'
/tmp/cccBOM7y.s:1160: Error: 8-byte relocation cannot be applied to 4-byte field
/tmp/cccBOM7y.s:1167: Error: suffix or operands invalid for `push'
/tmp/cccBOM7y.s:1181: Error: relocated field and relocation type differ in signedness
/tmp/cccBOM7y.s:1184: Error: relocated field and relocation type differ in signedness
/tmp/cccBOM7y.s:1201: Error: 8-byte relocation cannot be applied to 4-byte field
/tmp/cccBOM7y.s:1206: Error: suffix or operands invalid for `push'
/tmp/cccBOM7y.s:1221: Error: 8-byte relocation cannot be applied to 4-byte field
/tmp/cccBOM7y.s:1234: Error: 8-byte relocation cannot be applied to 4-byte field
/tmp/cccBOM7y.s:1238: Error: suffix or operands invalid for `push'
/tmp/cccBOM7y.s:1239: Error: suffix or operands invalid for `push'
/tmp/cccBOM7y.s:1251: Error: 8-byte relocation cannot be applied to 4-byte field
/tmp/cccBOM7y.s:1301: Error: suffix or operands invalid for `push'
/tmp/cccBOM7y.s:1303: Error: suffix or operands invalid for `push'
/tmp/cccBOM7y.s:1327: Error: suffix or operands invalid for `push'
/tmp/cccBOM7y.s:1342: Error: 8-byte relocation cannot be applied to 4-byte field
/tmp/cccBOM7y.s:1355: Error: 8-byte relocation cannot be applied to 4-byte field
/tmp/cccBOM7y.s:1359: Error: suffix or operands invalid for `push'
/tmp/cccBOM7y.s:1360: Error: suffix or operands invalid for `push'
/tmp/cccBOM7y.s:1372: Error: 8-byte relocation cannot be applied to 4-byte field
/tmp/cccBOM7y.s:1420: Error: suffix or operands invalid for `push'
/tmp/cccBOM7y.s:1424: Error: suffix or operands invalid for `push'
/tmp/cccBOM7y.s:1443: Error: suffix or operands invalid for `push'
/tmp/cccBOM7y.s:1447: Error: 8-byte relocation cannot be applied to 4-byte field
/tmp/cccBOM7y.s:1485: Error: suffix or operands invalid for `push'
/tmp/cccBOM7y.s:1489: Error: 8-byte relocation cannot be applied to 4-byte field
/tmp/cccBOM7y.s:1499: Error: relocated field and relocation type differ in signedness
/tmp/cccBOM7y.s:1503: Error: relocated field and relocation type differ in signedness
/tmp/cccBOM7y.s:1517: Error: suffix or operands invalid for `push'
/tmp/cccBOM7y.s:1518: Error: suffix or operands invalid for `push'
/tmp/cccBOM7y.s:1520: Error: suffix or operands invalid for `push'
/tmp/cccBOM7y.s:1522: Error: suffix or operands invalid for `push'
/tmp/cccBOM7y.s:1526: Error: 8-byte relocation cannot be applied to 4-byte field
/tmp/cccBOM7y.s:1535: Error: relocated field and relocation type differ in signedness
/tmp/cccBOM7y.s:1538: Error: relocated field and relocation type differ in signedness
/tmp/cccBOM7y.s:1547: Error: 8-byte relocation cannot be applied to 4-byte field
/tmp/cccBOM7y.s:1560: Error: 8-byte relocation cannot be applied to 4-byte field
/tmp/cccBOM7y.s:1565: Error: suffix or operands invalid for `push'
/tmp/cccBOM7y.s:1567: Error: relocated field and relocation type differ in signedness
/tmp/cccBOM7y.s:1571: Error: relocated field and relocation type differ in signedness
/tmp/cccBOM7y.s:1581: Error: relocated field and relocation type differ in signedness
/tmp/cccBOM7y.s:1584: Error: 8-byte relocation cannot be applied to 4-byte field
/tmp/cccBOM7y.s:1611: Error: suffix or operands invalid for `push'
/tmp/cccBOM7y.s:1613: Error: suffix or operands invalid for `push'
/tmp/cccBOM7y.s:1615: Error: suffix or operands invalid for `push'
/tmp/cccBOM7y.s:1617: Error: suffix or operands invalid for `push'
/tmp/cccBOM7y.s:1621: Error: suffix or operands invalid for `push'
/tmp/cccBOM7y.s:1623: Error: suffix or operands invalid for `push'
/tmp/cccBOM7y.s:1625: Error: suffix or operands invalid for `push'
/tmp/cccBOM7y.s:1628: Error: suffix or operands invalid for `pop'
/tmp/cccBOM7y.s:1629: Error: suffix or operands invalid for `pop'
/tmp/cccBOM7y.s:1630: Error: suffix or operands invalid for `pop'
/tmp/cccBOM7y.s:1632: Error: suffix or operands invalid for `pop'
/tmp/cccBOM7y.s:1648: Error: 8-byte relocation cannot be applied to 4-byte field
/tmp/cccBOM7y.s:1657: Error: suffix or operands invalid for `push'
/tmp/cccBOM7y.s:1658: Error: suffix or operands invalid for `push'
/tmp/cccBOM7y.s:1660: Error: suffix or operands invalid for `push'
/tmp/cccBOM7y.s:1662: Error: suffix or operands invalid for `push'
/tmp/cccBOM7y.s:1665: Error: relocated field and relocation type differ in signedness
/tmp/cccBOM7y.s:1671: Error: relocated field and relocation type differ in signedness
/tmp/cccBOM7y.s:1694: Error: relocated field and relocation type differ in signedness
/tmp/cccBOM7y.s:1698: Error: relocated field and relocation type differ in signedness
/tmp/cccBOM7y.s:1704: Error: 8-byte relocation cannot be applied to 4-byte field
/tmp/cccBOM7y.s:1725: Error: 8-byte relocation cannot be applied to 4-byte field
/tmp/cccBOM7y.s:1741: Error: 8-byte relocation cannot be applied to 4-byte field
/tmp/cccBOM7y.s:1784: Error: 8-byte relocation cannot be applied to 4-byte field
/tmp/cccBOM7y.s:1854: Error: 8-byte relocation cannot be applied to 4-byte field
/tmp/cccBOM7y.s:1882: Error: 8-byte relocation cannot be applied to 4-byte field
/tmp/cccBOM7y.s:1891: Error: relocated field and relocation type differ in signedness
/tmp/cccBOM7y.s:1894: Error: relocated field and relocation type differ in signedness
/tmp/cccBOM7y.s:1900: Error: 8-byte relocation cannot be applied to 4-byte field
/tmp/cccBOM7y.s:1901: Error: 8-byte relocation cannot be applied to 4-byte field
/tmp/cccBOM7y.s:1907: Error: 8-byte relocation cannot be applied to 4-byte field
/tmp/cccBOM7y.s:1928: Error: suffix or operands invalid for `push'
/tmp/cccBOM7y.s:1930: Error: suffix or operands invalid for `push'
/tmp/cccBOM7y.s:1931: Error: suffix or operands invalid for `push'
/tmp/cccBOM7y.s:1932: Error: suffix or operands invalid for `push'
/tmp/cccBOM7y.s:1936: Error: suffix or operands invalid for `pop'
/tmp/cccBOM7y.s:1945: Error: suffix or operands invalid for `push'
/tmp/cccBOM7y.s:1950: Error: 8-byte relocation cannot be applied to 4-byte field
/tmp/cccBOM7y.s:1959: Error: relocated field and relocation type differ in signedness
/tmp/cccBOM7y.s:1962: Error: relocated field and relocation type differ in signedness
/tmp/cccBOM7y.s:1973: Error: suffix or operands invalid for `push'
/tmp/cccBOM7y.s:1987: Error: 8-byte relocation cannot be applied to 4-byte field
/tmp/cccBOM7y.s:1998: Error: 8-byte relocation cannot be applied to 4-byte field
/tmp/cccBOM7y.s:2003: Error: suffix or operands invalid for `push'
/tmp/cccBOM7y.s:2017: Error: 8-byte relocation cannot be applied to 4-byte field
/tmp/cccBOM7y.s:2028: Error: 8-byte relocation cannot be applied to 4-byte field
/tmp/cccBOM7y.s:2033: Error: suffix or operands invalid for `push'
/tmp/cccBOM7y.s:2036: Error: 8-byte relocation cannot be applied to 4-byte field
/tmp/cccBOM7y.s:2057: Error: suffix or operands invalid for `push'
/tmp/cccBOM7y.s:2060: Error: 8-byte relocation cannot be applied to 4-byte field
/tmp/cccBOM7y.s:2069: Error: relocated field and relocation type differ in signedness
/tmp/cccBOM7y.s:2073: Error: relocated field and relocation type differ in signedness
/tmp/cccBOM7y.s:2086: Error: suffix or operands invalid for `push'
/tmp/cccBOM7y.s:2088: Error: relocated field and relocation type differ in signedness
/tmp/cccBOM7y.s:2092: Error: relocated field and relocation type differ in signedness
/tmp/cccBOM7y.s:2102: Error: relocated field and relocation type differ in signedness
/tmp/cccBOM7y.s:2105: Error: 8-byte relocation cannot be applied to 4-byte field
/tmp/cccBOM7y.s:2133: Error: suffix or operands invalid for `pop'
/tmp/cccBOM7y.s:2134: Error: suffix or operands invalid for `pop'
/tmp/cccBOM7y.s:2135: Error: suffix or operands invalid for `pop'
/tmp/cccBOM7y.s:2137: Error: suffix or operands invalid for `pop'
/tmp/cccBOM7y.s:2157: Error: relocated field and relocation type differ in signedness
/tmp/cccBOM7y.s:2161: Error: relocated field and relocation type differ in signedness
/tmp/cccBOM7y.s:2167: Error: 8-byte relocation cannot be applied to 4-byte field
/tmp/cccBOM7y.s:2184: Error: 8-byte relocation cannot be applied to 4-byte field
/tmp/cccBOM7y.s:2230: Error: 8-byte relocation cannot be applied to 4-byte field
/tmp/cccBOM7y.s:2235: Error: relocated field and relocation type differ in signedness
/tmp/cccBOM7y.s:2238: Error: relocated field and relocation type differ in signedness
/tmp/cccBOM7y.s:2244: Error: 8-byte relocation cannot be applied to 4-byte field
/tmp/cccBOM7y.s:2248: Error: 8-byte relocation cannot be applied to 4-byte field
/tmp/cccBOM7y.s:2256: Error: suffix or operands invalid for `push'
/tmp/cccBOM7y.s:2258: Error: suffix or operands invalid for `push'
/tmp/cccBOM7y.s:2261: Error: suffix or operands invalid for `pop'
/tmp/cccBOM7y.s:2263: Error: suffix or operands invalid for `pop'
/tmp/cccBOM7y.s:2265: Error: suffix or operands invalid for `pop'
/usr/local/isde/cadence/IC5141/tools.lnx86/systemc/gcc/install/bin/gcc -shared -O3 -fPIC -o obj/Linux2.6.18-53.1.13.el5+gcc/optimize/libahdlcmi.so ./obj/Linux2.6.18-53.1.13.el5+gcc/optimize/installdev.o ./obj/Linux2.6.18-53.1.13.el5+gcc/optimize/egncap_cap.o ./obj/Linux2.6.18-53.1.13.el5+gcc/optimize/egncap_cur.o ./obj/Linux2.6.18-53.1.13.el5+gcc/optimize/egncap_frcap.o ./obj/Linux2.6.18-53.1.13.el5+gcc/optimize/egncap_res1.o  -Wl,-rpath,/usr/lib -Wl,-rpath,/lib -s 
gcc: ./obj/Linux2.6.18-53.1.13.el5+gcc/optimize/installdev.o: No such file or directory
gcc: ./obj/Linux2.6.18-53.1.13.el5+gcc/optimize/egncap_cap.o: No such file or directory
gcc: ./obj/Linux2.6.18-53.1.13.el5+gcc/optimize/egncap_cur.o: No such file or directory
gcc: ./obj/Linux2.6.18-53.1.13.el5+gcc/optimize/egncap_frcap.o: No such file or directory
gcc: ./obj/Linux2.6.18-53.1.13.el5+gcc/optimize/egncap_res1.o: No such file or directory
gnumake: *** [obj/Linux2.6.18-53.1.13.el5+gcc/optimize/libahdlcmi.so] Error 1
